{"level":"error","msg":"Incorrect http method for /updateProject","time":"2023-04-02T16:55:21+03:00"}
{"level":"error","msg":"parse \"https://issues.apa che.org/jira/rest/api/2/search?jql=project=\\\"aardvark\\\"\u0026expand=changelog\u0026startAt=0\u0026maxResults=100\": invalid character \" \" in host name","time":"2023-04-02T17:00:09+03:00"}
{"level":"error","msg":"Can not open connection to database","time":"2023-04-24T09:43:00+03:00"}
{"level":"error","msg":"Unable to get issues for project rrrrrrrrrrrrrrrrrr","time":"2023-04-24T09:45:26+03:00"}
{"level":"error","msg":"Error while downloading issues for project \"rrrrrrrrrrrrrrrrrr\"","time":"2023-04-24T09:45:26+03:00"}
{"level":"error","msg":"Unable to get issues for project Addressing","time":"2023-04-24T14:19:03+03:00"}
{"level":"error","msg":"Error while downloading issues for project \"Addressing\"","time":"2023-04-24T14:19:03+03:00"}
{"level":"error","msg":"Unable to get issues for project aardvark","time":"2023-04-24T14:19:32+03:00"}
{"level":"error","msg":"Error while downloading issues for project \"aardvark\"","time":"2023-04-24T14:19:32+03:00"}
{"level":"error","msg":"Unable to get issues for project Addressing","time":"2023-04-24T14:20:12+03:00"}
{"level":"error","msg":"Error while downloading issues for project \"Addressing\"","time":"2023-04-24T14:20:12+03:00"}
{"level":"error","msg":"Unable to get issues for project Addressing","time":"2023-04-24T14:21:35+03:00"}
{"level":"error","msg":"Error while downloading issues for project \"Addressing\"","time":"2023-04-24T14:21:35+03:00"}
{"level":"error","msg":"Unable to get issues for project Addressing","time":"2023-04-24T14:22:22+03:00"}
{"level":"error","msg":"Error while downloading issues for project \"Addressing\"","time":"2023-04-24T14:22:22+03:00"}
{"level":"error","msg":"Unable to get issues for project Addressing","time":"2023-04-24T14:22:46+03:00"}
{"level":"error","msg":"Error while downloading issues for project \"Addressing\"","time":"2023-04-24T14:22:46+03:00"}
{"level":"error","msg":"Unable to get issues for project Addressing","time":"2023-04-24T14:23:12+03:00"}
{"level":"error","msg":"Error while downloading issues for project \"Addressing\"","time":"2023-04-24T14:23:12+03:00"}
{"level":"error","msg":"Unable to get issues for project Addressing","time":"2023-04-24T14:23:36+03:00"}
{"level":"error","msg":"Error while downloading issues for project \"Addressing\"","time":"2023-04-24T14:23:36+03:00"}
{"level":"error","msg":"Unable to get issues for project Addressing","time":"2023-04-24T14:24:07+03:00"}
{"level":"error","msg":"Error while downloading issues for project \"Addressing\"","time":"2023-04-24T14:24:07+03:00"}
{"level":"error","msg":"Unable to get issues for project Aci","time":"2023-04-24T14:26:34+03:00"}
{"level":"error","msg":"Error while downloading issues for project \"Aci\"","time":"2023-04-24T14:26:34+03:00"}
{"level":"error","msg":"Unable to get issues for project Aci","time":"2023-04-24T14:26:44+03:00"}
{"level":"error","msg":"Error while downloading issues for project \"Aci\"","time":"2023-04-24T14:26:44+03:00"}
{"level":"error","msg":"Unable to get issues for project Aci","time":"2023-04-24T14:26:46+03:00"}
{"level":"error","msg":"Error while downloading issues for project \"Aci\"","time":"2023-04-24T14:26:46+03:00"}
{"level":"error","msg":"Unable to get issues for project Aci","time":"2023-04-24T14:26:47+03:00"}
{"level":"error","msg":"Error while downloading issues for project \"Aci\"","time":"2023-04-24T14:26:47+03:00"}
{"level":"error","msg":"Can not open connection to database","time":"2023-04-24T14:32:28+03:00"}
{"level":"error","msg":"Can not open connection to databasesql: unknown driver \"postgres\" (forgotten import?)","time":"2023-04-24T14:33:25+03:00"}
{"level":"error","msg":"Incorrect http method for /projects","time":"2023-04-24T17:22:20+03:00"}
{"level":"error","msg":"Incorrect http method for /projects","time":"2023-04-24T17:22:29+03:00"}
