{"level":"info","msg":"Starting server...","time":"2023-05-02T16:46:57+03:00"}
{"level":"info","msg":"Starting server...","time":"2023-05-02T16:47:30+03:00"}
{"level":"info","msg":"Starting server...","time":"2023-05-02T16:47:40+03:00"}
{"level":"info","msg":"Starting server...","time":"2023-05-02T16:49:32+03:00"}
{"level":"error","msg":"Can not create a prepare statement for project=ACE","time":"2023-05-02T16:49:56+03:00"}
{"level":"error","msg":"Can not create a prepare statement for project=ACE","time":"2023-05-02T16:51:38+03:00"}
{"level":"info","msg":"Starting server...","time":"2023-05-02T16:53:51+03:00"}
{"level":"error","msg":"Can not create a prepare statement for project=ACEpq: syntax error at or near \",\"","time":"2023-05-02T16:53:56+03:00"}
{"level":"info","msg":"Starting server...","time":"2023-05-02T16:56:24+03:00"}
{"level":"error","msg":"Can not create a prepare statement for project=ACEpq: syntax error at or near \",\"","time":"2023-05-02T16:56:27+03:00"}
{"level":"info","msg":"Starting server...","time":"2023-05-02T16:59:03+03:00"}
{"level":"error","msg":"Can not create a prepare statement for project=ACEpq: syntax error at or near \",\"","time":"2023-05-02T16:59:08+03:00"}
{"level":"info","msg":"Starting server...","time":"2023-05-02T16:59:20+03:00"}
{"level":"error","msg":"Can not create a prepare statement for project=ACEpq: syntax error at or near \",\"","time":"2023-05-02T16:59:24+03:00"}
{"level":"info","msg":"Starting server...","time":"2023-05-02T16:59:38+03:00"}
{"level":"error","msg":"Can not create a prepare statement for project=ACEpq: syntax error at or near \")\"","time":"2023-05-02T16:59:42+03:00"}
{"level":"info","msg":"Starting server...","time":"2023-05-02T17:00:05+03:00"}
{"level":"error","msg":"Can not create a prepare statement for project=ACEpq: syntax error at or near \")\"","time":"2023-05-02T17:00:10+03:00"}
{"level":"info","msg":"Starting server...","time":"2023-05-02T17:01:09+03:00"}
{"level":"error","msg":"Can not create a prepare statement for project=ACEpq: syntax error at or near \")\"","time":"2023-05-02T17:01:13+03:00"}
{"level":"info","msg":"Starting server...","time":"2023-05-02T17:02:06+03:00"}
{"level":"error","msg":"Error while committing a transaction for project=ACE","time":"2023-05-02T17:02:11+03:00"}
{"level":"info","msg":"Starting server...","time":"2023-05-02T17:02:52+03:00"}
{"level":"error","msg":"Error while committing a transaction for project=ACE","time":"2023-05-02T17:02:56+03:00"}
{"level":"info","msg":"Starting server...","time":"2023-05-02T17:03:19+03:00"}
{"level":"error","msg":"Can not create a prepare statement for project=ACEpq: syntax error at or near \",\"","time":"2023-05-02T17:03:25+03:00"}
{"level":"info","msg":"Starting server...","time":"2023-05-02T17:03:33+03:00"}
{"level":"error","msg":"Can not create a prepare statement for project=ACEpq: syntax error at or near \")\"","time":"2023-05-02T17:03:46+03:00"}
{"level":"info","msg":"Starting server...","time":"2023-05-02T17:05:14+03:00"}
